<?xml version="1.0" encoding="UTF-8"?>
<!-- Generated by org.testng.reporters.JUnitReportReporter -->
<testsuite skipped="0" hostname="LAPTOP-BC03EVKU" name="com.PG.testCases.TC001_VerifyUserLogin" tests="1" failures="0" timestamp="21 Nov 2021 05:02:18 GMT" time="9.306" errors="0">
  <testcase name="VerifyLogin" time="9.306" classname="com.PG.testCases.TC001_VerifyUserLogin"/>
</testsuite> <!-- com.PG.testCases.TC001_VerifyUserLogin -->
